<?xml version="1.0" encoding="UTF-8"?>
<!-- Generated by org.testng.reporters.JUnitReportReporter -->
<testsuite skipped="0" hostname="Mouneesh-PC" name="runner.CreateLeadRunnerScenarioExamples" tests="4" failures="0" timestamp="2019-11-09T11:13:55 IST" time="87.270" errors="0">
  <testcase name="runScenario" time="24.129" classname="runner.CreateLeadRunnerScenarioExamples"/>
  <testcase name="runScenario" time="19.104" classname="runner.CreateLeadRunnerScenarioExamples"/>
  <testcase name="runScenario" time="21.516" classname="runner.CreateLeadRunnerScenarioExamples"/>
  <testcase name="runScenario" time="22.521" classname="runner.CreateLeadRunnerScenarioExamples"/>
</testsuite> <!-- runner.CreateLeadRunnerScenarioExamples -->
