<?xml version="1.0" encoding="UTF-8"?>
<!-- Generated by org.testng.reporters.JUnitReportReporter -->
<testsuite skipped="0" hostname="Mouneesh-PC" name="runner.MergeLeadRunnerScenarioExamples" tests="1" failures="0" timestamp="2019-11-05T23:37:53 IST" time="40.275" errors="0">
  <testcase name="runScenario" time="40.275" classname="runner.MergeLeadRunnerScenarioExamples"/>
</testsuite> <!-- runner.MergeLeadRunnerScenarioExamples -->
