<?xml version="1.0" encoding="UTF-8"?>
<!-- Generated by org.testng.reporters.JUnitReportReporter -->
<testsuite skipped="0" hostname="Mouneesh-PC" name="week5.day2.MergeLeadFullExcelDataProvider" tests="1" failures="0" timestamp="2019-11-04T22:55:49 IST" time="39.549" errors="0">
  <testcase name="runMergeLead" time="39.549" classname="week5.day2.MergeLeadFullExcelDataProvider"/>
</testsuite> <!-- week5.day2.MergeLeadFullExcelDataProvider -->
