<?xml version="1.0" encoding="UTF-8"?>
<!-- Generated by org.testng.reporters.JUnitReportReporter -->
<testsuite skipped="0" hostname="Mouneesh-PC" name="week5.day2.CreateLeadAssignment" tests="2" failures="0" timestamp="2019-10-20T13:31:33 IST" time="69.866" errors="0">
  <testcase name="runCreateLead" time="35.297" classname="week5.day2.CreateLeadAssignment"/>
  <testcase name="runCreateLead" time="34.569" classname="week5.day2.CreateLeadAssignment"/>
</testsuite> <!-- week5.day2.CreateLeadAssignment -->
