<?xml version="1.0" encoding="UTF-8"?>
<!-- Generated by org.testng.reporters.JUnitReportReporter -->
<testsuite skipped="0" hostname="Mouneesh-PC" name="week5.day1.CreateLeadAssignment" tests="1" failures="0" timestamp="2019-10-19T15:28:48 IST" time="47.227" errors="0">
  <testcase name="runCreateLead" time="47.227" classname="week5.day1.CreateLeadAssignment"/>
</testsuite> <!-- week5.day1.CreateLeadAssignment -->
