<?xml version="1.0" encoding="UTF-8"?>
<!-- Generated by org.testng.reporters.JUnitReportReporter -->
<testsuite skipped="0" hostname="Mouneesh-PC" name="com.amazon.testcases.Amazon" tests="1" failures="0" timestamp="2019-10-23T00:35:54 IST" time="306.783" errors="0">
  <testcase name="runAmazon" time="306.783" classname="com.amazon.testcases.Amazon"/>
</testsuite> <!-- com.amazon.testcases.Amazon -->
