<?xml version="1.0" encoding="UTF-8"?>
<!-- Generated by org.testng.reporters.JUnitReportReporter -->
<testsuite skipped="0" hostname="Mouneesh-PC" name="runner.DuplicateLeadRunnerScenarioExamples" tests="2" failures="0" timestamp="2019-11-09T11:17:09 IST" time="54.942" errors="0">
  <testcase name="runScenario" time="28.703" classname="runner.DuplicateLeadRunnerScenarioExamples"/>
  <testcase name="runScenario" time="26.239" classname="runner.DuplicateLeadRunnerScenarioExamples"/>
</testsuite> <!-- runner.DuplicateLeadRunnerScenarioExamples -->
