<?xml version="1.0" encoding="UTF-8"?>
<!-- Generated by org.testng.reporters.JUnitReportReporter -->
<testsuite skipped="0" hostname="Mouneesh-PC" name="week5.day1.DeleteLeadAssignment" tests="1" failures="0" timestamp="2019-10-19T15:28:49 IST" time="31.736" errors="0">
  <testcase name="runDeleteLead" time="31.736" classname="week5.day1.DeleteLeadAssignment"/>
</testsuite> <!-- week5.day1.DeleteLeadAssignment -->
