<?xml version="1.0" encoding="UTF-8"?>
<!-- Generated by org.testng.reporters.JUnitReportReporter -->
<testsuite skipped="0" hostname="Mouneesh-PC" name="week5.day2.DeleteLeadFullExcelDataProvider" tests="1" failures="0" timestamp="2019-10-25T08:03:17 IST" time="27.672" errors="0">
  <testcase name="runDeleteLead" time="27.672" classname="week5.day2.DeleteLeadFullExcelDataProvider"/>
</testsuite> <!-- week5.day2.DeleteLeadFullExcelDataProvider -->
