<?xml version="1.0" encoding="UTF-8"?>
<!-- Generated by org.testng.reporters.JUnitReportReporter -->
<testsuite skipped="0" hostname="Mouneesh-PC" name="week5.day2.ReadExcel" tests="1" failures="0" timestamp="2019-10-20T18:49:16 IST" time="0.882" errors="0">
  <testcase name="readDataExcel" time="0.882" classname="week5.day2.ReadExcel"/>
</testsuite> <!-- week5.day2.ReadExcel -->
