<?xml version="1.0" encoding="UTF-8"?>
<!-- Generated by org.testng.reporters.JUnitReportReporter -->
<testsuite skipped="0" hostname="Mouneesh-PC" name="runner.DeleteLeadRunnerScenarioExamples" tests="2" failures="0" timestamp="2019-11-05T22:08:13 IST" time="64.652" errors="0">
  <testcase name="runScenario" time="28.207" classname="runner.DeleteLeadRunnerScenarioExamples"/>
  <testcase name="runScenario" time="36.445" classname="runner.DeleteLeadRunnerScenarioExamples"/>
</testsuite> <!-- runner.DeleteLeadRunnerScenarioExamples -->
