<?xml version="1.0" encoding="UTF-8"?>
<!-- Generated by org.testng.reporters.JUnitReportReporter -->
<testsuite skipped="0" hostname="Mouneesh-PC" name="week5.day2.EditLeadFullExcelDataProvider" tests="2" failures="0" timestamp="2019-10-25T08:03:17 IST" time="53.309" errors="0">
  <testcase name="runEditLead" time="25.612" classname="week5.day2.EditLeadFullExcelDataProvider"/>
  <testcase name="runEditLead" time="27.697" classname="week5.day2.EditLeadFullExcelDataProvider"/>
</testsuite> <!-- week5.day2.EditLeadFullExcelDataProvider -->
