<?xml version="1.0" encoding="UTF-8"?>
<!-- Generated by org.testng.reporters.JUnitReportReporter -->
<testsuite skipped="0" hostname="Mouneesh-PC" name="week5.day1.MultipleWindowsMergeLead" tests="1" failures="0" timestamp="2019-10-19T15:28:48 IST" time="41.471" errors="0">
  <testcase name="runMergeLead" time="41.471" classname="week5.day1.MultipleWindowsMergeLead"/>
</testsuite> <!-- week5.day1.MultipleWindowsMergeLead -->
