<?xml version="1.0" encoding="UTF-8"?>
<!-- Generated by org.testng.reporters.JUnitReportReporter -->
<testsuite skipped="0" hostname="Mouneesh-PC" name="week5.day2.CreateLeadFullExcelDataProvider" tests="2" failures="0" timestamp="2019-10-25T08:05:15 IST" time="56.521" errors="0">
  <testcase name="runCreateLead" time="25.508" classname="week5.day2.CreateLeadFullExcelDataProvider"/>
  <testcase name="runCreateLead" time="31.013" classname="week5.day2.CreateLeadFullExcelDataProvider"/>
</testsuite> <!-- week5.day2.CreateLeadFullExcelDataProvider -->
