<?xml version="1.0" encoding="UTF-8"?>
<!-- Generated by org.testng.reporters.JUnitReportReporter -->
<testsuite skipped="0" hostname="Mouneesh-PC" name="runner.EditLeadRunnerScenarioExamples" tests="2" failures="0" timestamp="2019-11-09T11:15:56 IST" time="49.564" errors="0">
  <testcase name="runScenario" time="23.341" classname="runner.EditLeadRunnerScenarioExamples"/>
  <testcase name="runScenario" time="26.223" classname="runner.EditLeadRunnerScenarioExamples"/>
</testsuite> <!-- runner.EditLeadRunnerScenarioExamples -->
