<?xml version="1.0" encoding="UTF-8"?>
<!-- Generated by org.testng.reporters.JUnitReportReporter -->
<testsuite skipped="0" hostname="Mouneesh-PC" name="week5.day2.ReadExcelData" tests="1" failures="0" timestamp="2019-10-20T12:31:12 IST" time="1.452" errors="0">
  <testcase name="readDataExcel" time="1.452" classname="week5.day2.ReadExcelData"/>
</testsuite> <!-- week5.day2.ReadExcelData -->
