<?xml version="1.0" encoding="UTF-8"?>
<!-- Generated by org.testng.reporters.JUnitReportReporter -->
<testsuite skipped="0" hostname="Mouneesh-PC" name="week5.day2.CreateLeadExcelDataProvider" tests="2" failures="0" timestamp="2019-10-20T14:44:02 IST" time="73.192" errors="0">
  <testcase name="runCreateLead" time="40.819" classname="week5.day2.CreateLeadExcelDataProvider"/>
  <testcase name="runCreateLead" time="32.373" classname="week5.day2.CreateLeadExcelDataProvider"/>
</testsuite> <!-- week5.day2.CreateLeadExcelDataProvider -->
