<?xml version="1.0" encoding="UTF-8"?>
<!-- Generated by org.testng.reporters.JUnitReportReporter -->
<testsuite skipped="0" hostname="Mouneesh-PC" name="runner.CreateLeadRunner" tests="1" failures="0" timestamp="2019-11-02T11:22:50 IST" time="21.545" errors="0">
  <testcase name="runScenario" time="21.545" classname="runner.CreateLeadRunner"/>
</testsuite> <!-- runner.CreateLeadRunner -->
