<?xml version="1.0" encoding="UTF-8"?>
<!-- Generated by org.testng.reporters.JUnitReportReporter -->
<testsuite skipped="0" hostname="Mouneesh-PC" name="week5.day2.DuplicateLeadFullExcelDataProvider" tests="1" failures="0" timestamp="2019-10-25T08:03:16 IST" time="26.362" errors="0">
  <testcase name="runDuplicateLead" time="26.362" classname="week5.day2.DuplicateLeadFullExcelDataProvider"/>
</testsuite> <!-- week5.day2.DuplicateLeadFullExcelDataProvider -->
