<?xml version="1.0" encoding="UTF-8"?>
<!-- Generated by org.testng.reporters.JUnitReportReporter -->
<testsuite skipped="0" hostname="Mouneesh-PC" name="TestCasesRun" tests="4" failures="0" timestamp="2019-10-19T18:50:56 IST" time="111.379" errors="0">
  <testcase name="createLeadTest" time="29.167" classname="TestCasesRun"/>
  <testcase name="editLeadTest" time="29.117" classname="TestCasesRun"/>
  <testcase name="dulicateLeadTest" time="22.865" classname="TestCasesRun"/>
  <testcase name="deleteLeadTest" time="30.230" classname="TestCasesRun"/>
</testsuite> <!-- TestCasesRun -->
